#
# There is insufficient memory for the Java Runtime Environment to continue.
# Native memory allocation (malloc) failed to allocate 204176 bytes for Chunk::new
# Possible reasons:
#   The system is out of physical RAM or swap space
#   The process is running with CompressedOops enabled, and the Java Heap may be blocking the growth of the native heap
# Possible solutions:
#   Reduce memory load on the system
#   Increase physical memory or swap space
#   Check if swap backing store is full
#   Decrease Java heap size (-Xmx/-Xms)
#   Decrease number of Java threads
#   Decrease Java thread stack sizes (-Xss)
#   Set larger code cache with -XX:ReservedCodeCacheSize=
#   JVM is running with Zero Based Compressed Oops mode in which the Java heap is
#     placed in the first 32GB address space. The Java Heap base address is the
#     maximum limit for the native heap growth. Please use -XX:HeapBaseMinAddress
#     to set the Java Heap base and to place the Java Heap above 32GB virtual address.
# This output file may be truncated or incomplete.
#
#  Out of Memory Error (arena.cpp:191), pid=10580, tid=6936
#
# JRE version: OpenJDK Runtime Environment Corretto-17.0.10.7.1 (17.0.10+7) (build 17.0.10+7-LTS)
# Java VM: OpenJDK 64-Bit Server VM Corretto-17.0.10.7.1 (17.0.10+7-LTS, mixed mode, tiered, compressed oops, compressed class ptrs, g1 gc, windows-amd64)
# No core dump will be written. Minidumps are not enabled by default on client versions of Windows
#

---------------  S U M M A R Y ------------

Command Line: -Dfile.encoding=UTF-8 -Dstdout.encoding=UTF-8 -Dstderr.encoding=UTF-8 --module-path=D:\MJ\AWSDEVELOP\0306\mysql-connector-j-8.3.0.jar;D:\MJ\AWSDEVELOP\0306\sqlite-jdbc-3.45.2.0.jar;D:\MJ\AWSDEVELOP\0306\slf4j-api-2.0.12.jar;D:\MJ\AWSDEVELOP\0306\slf4j-simple-2.0.12.jar;D:\MJ\AWSDEVELOP\0306\mariadb-java-client-3.3.3.jar;D:\MJ\AWSDEVELOP\0306\waffle-jna-3.3.0.jar;D:\MJ\AWSDEVELOP\0306\ojdbc11.jar -XX:+ShowCodeDetailsInExceptionMessages javaEx_i.I11_oracleDB

Host: Intel(R) Core(TM) i5-10210U CPU @ 1.60GHz, 8 cores, 15G,  Windows 11 , 64 bit Build 22621 (10.0.22621.3350)
Time: Wed Apr  3 17:02:27 2024  Windows 11 , 64 bit Build 22621 (10.0.22621.3350) elapsed time: 0.279295 seconds (0d 0h 0m 0s)

---------------  T H R E A D  ---------------

Current thread (0x0000014e65c7d9d0):  JavaThread "C2 CompilerThread1" daemon [_thread_in_native, id=6936, stack(0x00000010a3800000,0x00000010a3900000)]


Current CompileTask:
C2:    279  341       4       jdk.internal.module.Checks::isJavaIdentifier (76 bytes)

Stack: [0x00000010a3800000,0x00000010a3900000]
Native frames: (J=compiled Java code, j=interpreted, Vv=VM code, C=native code)
V  [jvm.dll+0x67d2c9]
V  [jvm.dll+0x834b1a]
V  [jvm.dll+0x8365de]
V  [jvm.dll+0x836c43]
V  [jvm.dll+0x2477ff]
V  [jvm.dll+0xac514]
V  [jvm.dll+0xacb5c]
V  [jvm.dll+0x2aed1f]
V  [jvm.dll+0x584b67]
V  [jvm.dll+0x2228a2]
V  [jvm.dll+0x222c8f]
V  [jvm.dll+0x21bdb6]
V  [jvm.dll+0x219201]
V  [jvm.dll+0x1a502d]
V  [jvm.dll+0x2290de]
V  [jvm.dll+0x2272ac]
V  [jvm.dll+0x7e9bd7]
V  [jvm.dll+0x7e3fda]
V  [jvm.dll+0x67c1b5]
C  [ucrtbase.dll+0x29363]
C  [KERNEL32.DLL+0x1257d]
C  [ntdll.dll+0x5aa58]


---------------  P R O C E S S  ---------------

Threads class SMR info:
_java_thread_list=0x0000014e65603510, length=13, elements={
0x0000014e4296aec0, 0x0000014e65651e00, 0x0000014e656533a0, 0x0000014e6599d010,
0x0000014e6599d9e0, 0x0000014e6599e4a0, 0x0000014e6565be30, 0x0000014e659417c0,
0x0000014e65942270, 0x0000014e65944c80, 0x0000014e65aaf620, 0x0000014e65c7d9d0,
0x0000014e65bcca50
}

Java Threads: ( => current thread )
  0x0000014e4296aec0 JavaThread "main" [_thread_in_vm, id=19764, stack(0x00000010a2700000,0x00000010a2800000)]
  0x0000014e65651e00 JavaThread "Reference Handler" daemon [_thread_blocked, id=19956, stack(0x00000010a2e00000,0x00000010a2f00000)]
  0x0000014e656533a0 JavaThread "Finalizer" daemon [_thread_blocked, id=20020, stack(0x00000010a2f00000,0x00000010a3000000)]
  0x0000014e6599d010 JavaThread "Signal Dispatcher" daemon [_thread_blocked, id=1612, stack(0x00000010a3000000,0x00000010a3100000)]
  0x0000014e6599d9e0 JavaThread "Attach Listener" daemon [_thread_blocked, id=28632, stack(0x00000010a3100000,0x00000010a3200000)]
  0x0000014e6599e4a0 JavaThread "Service Thread" daemon [_thread_blocked, id=24412, stack(0x00000010a3200000,0x00000010a3300000)]
  0x0000014e6565be30 JavaThread "Monitor Deflation Thread" daemon [_thread_blocked, id=14560, stack(0x00000010a3300000,0x00000010a3400000)]
  0x0000014e659417c0 JavaThread "C2 CompilerThread0" daemon [_thread_in_native, id=19972, stack(0x00000010a3400000,0x00000010a3500000)]
  0x0000014e65942270 JavaThread "C1 CompilerThread0" daemon [_thread_in_native, id=11764, stack(0x00000010a3500000,0x00000010a3600000)]
  0x0000014e65944c80 JavaThread "Sweeper thread" daemon [_thread_blocked, id=21404, stack(0x00000010a3600000,0x00000010a3700000)]
  0x0000014e65aaf620 JavaThread "Common-Cleaner" daemon [_thread_blocked, id=5176, stack(0x00000010a3700000,0x00000010a3800000)]
=>0x0000014e65c7d9d0 JavaThread "C2 CompilerThread1" daemon [_thread_in_native, id=6936, stack(0x00000010a3800000,0x00000010a3900000)]
  0x0000014e65bcca50 JavaThread "C2 CompilerThread2" daemon [_thread_in_native, id=13844, stack(0x00000010a3900000,0x00000010a3a00000)]

Other Threads:
  0x0000014e65604f50 VMThread "VM Thread" [stack: 0x00000010a2d00000,0x00000010a2e00000] [id=17344]
  0x0000014e429d7eb0 GCTaskThread "GC Thread#0" [stack: 0x00000010a2800000,0x00000010a2900000] [id=8512]
  0x0000014e429e8ad0 ConcurrentGCThread "G1 Main Marker" [stack: 0x00000010a2900000,0x00000010a2a00000] [id=7924]
  0x0000014e429e9c90 ConcurrentGCThread "G1 Conc#0" [stack: 0x00000010a2a00000,0x00000010a2b00000] [id=3920]
  0x0000014e42a1df30 ConcurrentGCThread "G1 Refine#0" [stack: 0x00000010a2b00000,0x00000010a2c00000] [id=25060]
  0x0000014e42a1e960 ConcurrentGCThread "G1 Service" [stack: 0x00000010a2c00000,0x00000010a2d00000] [id=17652]

Threads with active compile tasks:
C2 CompilerThread0      296  344       4       java.lang.StringLatin1::replace (198 bytes)
C1 CompilerThread0      296  422       3       java.lang.module.ModuleDescriptor::equals (191 bytes)
C2 CompilerThread1      296  341       4       jdk.internal.module.Checks::isJavaIdentifier (76 bytes)
C2 CompilerThread2      296  342       4       java.util.ImmutableCollections$SetN::probe (56 bytes)

VM state: not at safepoint (normal execution)

VM Mutex/Monitor currently owned by a thread: None

Heap address: 0x0000000703200000, size: 4046 MB, Compressed Oops mode: Zero based, Oop shift amount: 3

CDS archive(s) not mapped
Compressed class space mapped at: 0x0000000800000000-0x0000000840000000, reserved size: 1073741824
Narrow klass base: 0x0000000800000000, Narrow klass shift: 0, Narrow klass range: 0x40000000

GC Precious Log:
 CPUs: 8 total, 8 available
 Memory: 16182M
 Large Page Support: Disabled
 NUMA Support: Disabled
 Compressed Oops: Enabled (Zero based)
 Heap Region Size: 2M
 Heap Min Capacity: 8M
 Heap Initial Capacity: 254M
 Heap Max Capacity: 4046M
 Pre-touch: Disabled
 Parallel Workers: 8
 Concurrent Workers: 2
 Concurrent Refinement Workers: 8
 Periodic GC: Disabled

Heap:
 garbage-first heap   total 260096K, used 4096K [0x0000000703200000, 0x0000000800000000)
  region size 2048K, 3 young (6144K), 0 survivors (0K)
 Metaspace       used 6688K, committed 6784K, reserved 1114112K
  class space    used 575K, committed 640K, reserved 1048576K

Heap Regions: E=young(eden), S=young(survivor), O=old, HS=humongous(starts), HC=humongous(continues), CS=collection set, F=free, OA=open archive, CA=closed archive, TAMS=top-at-mark-start (previous, next)
|   0|0x0000000703200000, 0x0000000703200000, 0x0000000703400000|  0%| F|  |TAMS 0x0000000703200000, 0x0000000703200000| Untracked 
|   1|0x0000000703400000, 0x0000000703400000, 0x0000000703600000|  0%| F|  |TAMS 0x0000000703400000, 0x0000000703400000| Untracked 
|   2|0x0000000703600000, 0x0000000703600000, 0x0000000703800000|  0%| F|  |TAMS 0x0000000703600000, 0x0000000703600000| Untracked 
|   3|0x0000000703800000, 0x0000000703800000, 0x0000000703a00000|  0%| F|  |TAMS 0x0000000703800000, 0x0000000703800000| Untracked 
|   4|0x0000000703a00000, 0x0000000703a00000, 0x0000000703c00000|  0%| F|  |TAMS 0x0000000703a00000, 0x0000000703a00000| Untracked 
|   5|0x0000000703c00000, 0x0000000703c00000, 0x0000000703e00000|  0%| F|  |TAMS 0x0000000703c00000, 0x0000000703c00000| Untracked 
|   6|0x0000000703e00000, 0x0000000703e00000, 0x0000000704000000|  0%| F|  |TAMS 0x0000000703e00000, 0x0000000703e00000| Untracked 
|   7|0x0000000704000000, 0x0000000704000000, 0x0000000704200000|  0%| F|  |TAMS 0x0000000704000000, 0x0000000704000000| Untracked 
|   8|0x0000000704200000, 0x0000000704200000, 0x0000000704400000|  0%| F|  |TAMS 0x0000000704200000, 0x0000000704200000| Untracked 
|   9|0x0000000704400000, 0x0000000704400000, 0x0000000704600000|  0%| F|  |TAMS 0x0000000704400000, 0x0000000704400000| Untracked 
|  10|0x0000000704600000, 0x0000000704600000, 0x0000000704800000|  0%| F|  |TAMS 0x0000000704600000, 0x0000000704600000| Untracked 
|  11|0x0000000704800000, 0x0000000704800000, 0x0000000704a00000|  0%| F|  |TAMS 0x0000000704800000, 0x0000000704800000| Untracked 
|  12|0x0000000704a00000, 0x0000000704a00000, 0x0000000704c00000|  0%| F|  |TAMS 0x0000000704a00000, 0x0000000704a00000| Untracked 
|  13|0x0000000704c00000, 0x0000000704c00000, 0x0000000704e00000|  0%| F|  |TAMS 0x0000000704c00000, 0x0000000704c00000| Untracked 
|  14|0x0000000704e00000, 0x0000000704e00000, 0x0000000705000000|  0%| F|  |TAMS 0x0000000704e00000, 0x0000000704e00000| Untracked 
|  15|0x0000000705000000, 0x0000000705000000, 0x0000000705200000|  0%| F|  |TAMS 0x0000000705000000, 0x0000000705000000| Untracked 
|  16|0x0000000705200000, 0x0000000705200000, 0x0000000705400000|  0%| F|  |TAMS 0x0000000705200000, 0x0000000705200000| Untracked 
|  17|0x0000000705400000, 0x0000000705400000, 0x0000000705600000|  0%| F|  |TAMS 0x0000000705400000, 0x0000000705400000| Untracked 
|  18|0x0000000705600000, 0x0000000705600000, 0x0000000705800000|  0%| F|  |TAMS 0x0000000705600000, 0x0000000705600000| Untracked 
|  19|0x0000000705800000, 0x0000000705800000, 0x0000000705a00000|  0%| F|  |TAMS 0x0000000705800000, 0x0000000705800000| Untracked 
|  20|0x0000000705a00000, 0x0000000705a00000, 0x0000000705c00000|  0%| F|  |TAMS 0x0000000705a00000, 0x0000000705a00000| Untracked 
|  21|0x0000000705c00000, 0x0000000705c00000, 0x0000000705e00000|  0%| F|  |TAMS 0x0000000705c00000, 0x0000000705c00000| Untracked 
|  22|0x0000000705e00000, 0x0000000705e00000, 0x0000000706000000|  0%| F|  |TAMS 0x0000000705e00000, 0x0000000705e00000| Untracked 
|  23|0x0000000706000000, 0x0000000706000000, 0x0000000706200000|  0%| F|  |TAMS 0x0000000706000000, 0x0000000706000000| Untracked 
|  24|0x0000000706200000, 0x0000000706200000, 0x0000000706400000|  0%| F|  |TAMS 0x0000000706200000, 0x0000000706200000| Untracked 
|  25|0x0000000706400000, 0x0000000706400000, 0x0000000706600000|  0%| F|  |TAMS 0x0000000706400000, 0x0000000706400000| Untracked 
|  26|0x0000000706600000, 0x0000000706600000, 0x0000000706800000|  0%| F|  |TAMS 0x0000000706600000, 0x0000000706600000| Untracked 
|  27|0x0000000706800000, 0x0000000706800000, 0x0000000706a00000|  0%| F|  |TAMS 0x0000000706800000, 0x0000000706800000| Untracked 
|  28|0x0000000706a00000, 0x0000000706a00000, 0x0000000706c00000|  0%| F|  |TAMS 0x0000000706a00000, 0x0000000706a00000| Untracked 
|  29|0x0000000706c00000, 0x0000000706c00000, 0x0000000706e00000|  0%| F|  |TAMS 0x0000000706c00000, 0x0000000706c00000| Untracked 
|  30|0x0000000706e00000, 0x0000000706e00000, 0x0000000707000000|  0%| F|  |TAMS 0x0000000706e00000, 0x0000000706e00000| Untracked 
|  31|0x0000000707000000, 0x0000000707000000, 0x0000000707200000|  0%| F|  |TAMS 0x0000000707000000, 0x0000000707000000| Untracked 
|  32|0x0000000707200000, 0x0000000707200000, 0x0000000707400000|  0%| F|  |TAMS 0x0000000707200000, 0x0000000707200000| Untracked 
|  33|0x0000000707400000, 0x0000000707400000, 0x0000000707600000|  0%| F|  |TAMS 0x0000000707400000, 0x0000000707400000| Untracked 
|  34|0x0000000707600000, 0x0000000707600000, 0x0000000707800000|  0%| F|  |TAMS 0x0000000707600000, 0x0000000707600000| Untracked 
|  35|0x0000000707800000, 0x0000000707800000, 0x0000000707a00000|  0%| F|  |TAMS 0x0000000707800000, 0x0000000707800000| Untracked 
|  36|0x0000000707a00000, 0x0000000707a00000, 0x0000000707c00000|  0%| F|  |TAMS 0x0000000707a00000, 0x0000000707a00000| Untracked 
|  37|0x0000000707c00000, 0x0000000707c00000, 0x0000000707e00000|  0%| F|  |TAMS 0x0000000707c00000, 0x0000000707c00000| Untracked 
|  38|0x0000000707e00000, 0x0000000707e00000, 0x0000000708000000|  0%| F|  |TAMS 0x0000000707e00000, 0x0000000707e00000| Untracked 
|  39|0x0000000708000000, 0x0000000708000000, 0x0000000708200000|  0%| F|  |TAMS 0x0000000708000000, 0x0000000708000000| Untracked 
|  40|0x0000000708200000, 0x0000000708200000, 0x0000000708400000|  0%| F|  |TAMS 0x0000000708200000, 0x0000000708200000| Untracked 
|  41|0x0000000708400000, 0x0000000708400000, 0x0000000708600000|  0%| F|  |TAMS 0x0000000708400000, 0x0000000708400000| Untracked 
|  42|0x0000000708600000, 0x0000000708600000, 0x0000000708800000|  0%| F|  |TAMS 0x0000000708600000, 0x0000000708600000| Untracked 
|  43|0x0000000708800000, 0x0000000708800000, 0x0000000708a00000|  0%| F|  |TAMS 0x0000000708800000, 0x0000000708800000| Untracked 
|  44|0x0000000708a00000, 0x0000000708a00000, 0x0000000708c00000|  0%| F|  |TAMS 0x0000000708a00000, 0x0000000708a00000| Untracked 
|  45|0x0000000708c00000, 0x0000000708c00000, 0x0000000708e00000|  0%| F|  |TAMS 0x0000000708c00000, 0x0000000708c00000| Untracked 
|  46|0x0000000708e00000, 0x0000000708e00000, 0x0000000709000000|  0%| F|  |TAMS 0x0000000708e00000, 0x0000000708e00000| Untracked 
|  47|0x0000000709000000, 0x0000000709000000, 0x0000000709200000|  0%| F|  |TAMS 0x0000000709000000, 0x0000000709000000| Untracked 
|  48|0x0000000709200000, 0x0000000709200000, 0x0000000709400000|  0%| F|  |TAMS 0x0000000709200000, 0x0000000709200000| Untracked 
|  49|0x0000000709400000, 0x0000000709400000, 0x0000000709600000|  0%| F|  |TAMS 0x0000000709400000, 0x0000000709400000| Untracked 
|  50|0x0000000709600000, 0x0000000709600000, 0x0000000709800000|  0%| F|  |TAMS 0x0000000709600000, 0x0000000709600000| Untracked 
|  51|0x0000000709800000, 0x0000000709800000, 0x0000000709a00000|  0%| F|  |TAMS 0x0000000709800000, 0x0000000709800000| Untracked 
|  52|0x0000000709a00000, 0x0000000709a00000, 0x0000000709c00000|  0%| F|  |TAMS 0x0000000709a00000, 0x0000000709a00000| Untracked 
|  53|0x0000000709c00000, 0x0000000709c00000, 0x0000000709e00000|  0%| F|  |TAMS 0x0000000709c00000, 0x0000000709c00000| Untracked 
|  54|0x0000000709e00000, 0x0000000709e00000, 0x000000070a000000|  0%| F|  |TAMS 0x0000000709e00000, 0x0000000709e00000| Untracked 
|  55|0x000000070a000000, 0x000000070a000000, 0x000000070a200000|  0%| F|  |TAMS 0x000000070a000000, 0x000000070a000000| Untracked 
|  56|0x000000070a200000, 0x000000070a200000, 0x000000070a400000|  0%| F|  |TAMS 0x000000070a200000, 0x000000070a200000| Untracked 
|  57|0x000000070a400000, 0x000000070a400000, 0x000000070a600000|  0%| F|  |TAMS 0x000000070a400000, 0x000000070a400000| Untracked 
|  58|0x000000070a600000, 0x000000070a600000, 0x000000070a800000|  0%| F|  |TAMS 0x000000070a600000, 0x000000070a600000| Untracked 
|  59|0x000000070a800000, 0x000000070a800000, 0x000000070aa00000|  0%| F|  |TAMS 0x000000070a800000, 0x000000070a800000| Untracked 
|  60|0x000000070aa00000, 0x000000070aa00000, 0x000000070ac00000|  0%| F|  |TAMS 0x000000070aa00000, 0x000000070aa00000| Untracked 
|  61|0x000000070ac00000, 0x000000070ac00000, 0x000000070ae00000|  0%| F|  |TAMS 0x000000070ac00000, 0x000000070ac00000| Untracked 
|  62|0x000000070ae00000, 0x000000070ae00000, 0x000000070b000000|  0%| F|  |TAMS 0x000000070ae00000, 0x000000070ae00000| Untracked 
|  63|0x000000070b000000, 0x000000070b000000, 0x000000070b200000|  0%| F|  |TAMS 0x000000070b000000, 0x000000070b000000| Untracked 
|  64|0x000000070b200000, 0x000000070b200000, 0x000000070b400000|  0%| F|  |TAMS 0x000000070b200000, 0x000000070b200000| Untracked 
|  65|0x000000070b400000, 0x000000070b400000, 0x000000070b600000|  0%| F|  |TAMS 0x000000070b400000, 0x000000070b400000| Untracked 
|  66|0x000000070b600000, 0x000000070b600000, 0x000000070b800000|  0%| F|  |TAMS 0x000000070b600000, 0x000000070b600000| Untracked 
|  67|0x000000070b800000, 0x000000070b800000, 0x000000070ba00000|  0%| F|  |TAMS 0x000000070b800000, 0x000000070b800000| Untracked 
|  68|0x000000070ba00000, 0x000000070ba00000, 0x000000070bc00000|  0%| F|  |TAMS 0x000000070ba00000, 0x000000070ba00000| Untracked 
|  69|0x000000070bc00000, 0x000000070bc00000, 0x000000070be00000|  0%| F|  |TAMS 0x000000070bc00000, 0x000000070bc00000| Untracked 
|  70|0x000000070be00000, 0x000000070be00000, 0x000000070c000000|  0%| F|  |TAMS 0x000000070be00000, 0x000000070be00000| Untracked 
|  71|0x000000070c000000, 0x000000070c000000, 0x000000070c200000|  0%| F|  |TAMS 0x000000070c000000, 0x000000070c000000| Untracked 
|  72|0x000000070c200000, 0x000000070c200000, 0x000000070c400000|  0%| F|  |TAMS 0x000000070c200000, 0x000000070c200000| Untracked 
|  73|0x000000070c400000, 0x000000070c400000, 0x000000070c600000|  0%| F|  |TAMS 0x000000070c400000, 0x000000070c400000| Untracked 
|  74|0x000000070c600000, 0x000000070c600000, 0x000000070c800000|  0%| F|  |TAMS 0x000000070c600000, 0x000000070c600000| Untracked 
|  75|0x000000070c800000, 0x000000070c800000, 0x000000070ca00000|  0%| F|  |TAMS 0x000000070c800000, 0x000000070c800000| Untracked 
|  76|0x000000070ca00000, 0x000000070ca00000, 0x000000070cc00000|  0%| F|  |TAMS 0x000000070ca00000, 0x000000070ca00000| Untracked 
|  77|0x000000070cc00000, 0x000000070cc00000, 0x000000070ce00000|  0%| F|  |TAMS 0x000000070cc00000, 0x000000070cc00000| Untracked 
|  78|0x000000070ce00000, 0x000000070ce00000, 0x000000070d000000|  0%| F|  |TAMS 0x000000070ce00000, 0x000000070ce00000| Untracked 
|  79|0x000000070d000000, 0x000000070d000000, 0x000000070d200000|  0%| F|  |TAMS 0x000000070d000000, 0x000000070d000000| Untracked 
|  80|0x000000070d200000, 0x000000070d200000, 0x000000070d400000|  0%| F|  |TAMS 0x000000070d200000, 0x000000070d200000| Untracked 
|  81|0x000000070d400000, 0x000000070d400000, 0x000000070d600000|  0%| F|  |TAMS 0x000000070d400000, 0x000000070d400000| Untracked 
|  82|0x000000070d600000, 0x000000070d600000, 0x000000070d800000|  0%| F|  |TAMS 0x000000070d600000, 0x000000070d600000| Untracked 
|  83|0x000000070d800000, 0x000000070d800000, 0x000000070da00000|  0%| F|  |TAMS 0x000000070d800000, 0x000000070d800000| Untracked 
|  84|0x000000070da00000, 0x000000070da00000, 0x000000070dc00000|  0%| F|  |TAMS 0x000000070da00000, 0x000000070da00000| Untracked 
|  85|0x000000070dc00000, 0x000000070dc00000, 0x000000070de00000|  0%| F|  |TAMS 0x000000070dc00000, 0x000000070dc00000| Untracked 
|  86|0x000000070de00000, 0x000000070de00000, 0x000000070e000000|  0%| F|  |TAMS 0x000000070de00000, 0x000000070de00000| Untracked 
|  87|0x000000070e000000, 0x000000070e000000, 0x000000070e200000|  0%| F|  |TAMS 0x000000070e000000, 0x000000070e000000| Untracked 
|  88|0x000000070e200000, 0x000000070e200000, 0x000000070e400000|  0%| F|  |TAMS 0x000000070e200000, 0x000000070e200000| Untracked 
|  89|0x000000070e400000, 0x000000070e400000, 0x000000070e600000|  0%| F|  |TAMS 0x000000070e400000, 0x000000070e400000| Untracked 
|  90|0x000000070e600000, 0x000000070e600000, 0x000000070e800000|  0%| F|  |TAMS 0x000000070e600000, 0x000000070e600000| Untracked 
|  91|0x000000070e800000, 0x000000070e800000, 0x000000070ea00000|  0%| F|  |TAMS 0x000000070e800000, 0x000000070e800000| Untracked 
|  92|0x000000070ea00000, 0x000000070ea00000, 0x000000070ec00000|  0%| F|  |TAMS 0x000000070ea00000, 0x000000070ea00000| Untracked 
|  93|0x000000070ec00000, 0x000000070ec00000, 0x000000070ee00000|  0%| F|  |TAMS 0x000000070ec00000, 0x000000070ec00000| Untracked 
|  94|0x000000070ee00000, 0x000000070ee00000, 0x000000070f000000|  0%| F|  |TAMS 0x000000070ee00000, 0x000000070ee00000| Untracked 
|  95|0x000000070f000000, 0x000000070f000000, 0x000000070f200000|  0%| F|  |TAMS 0x000000070f000000, 0x000000070f000000| Untracked 
|  96|0x000000070f200000, 0x000000070f200000, 0x000000070f400000|  0%| F|  |TAMS 0x000000070f200000, 0x000000070f200000| Untracked 
|  97|0x000000070f400000, 0x000000070f400000, 0x000000070f600000|  0%| F|  |TAMS 0x000000070f400000, 0x000000070f400000| Untracked 
|  98|0x000000070f600000, 0x000000070f600000, 0x000000070f800000|  0%| F|  |TAMS 0x000000070f600000, 0x000000070f600000| Untracked 
|  99|0x000000070f800000, 0x000000070f800000, 0x000000070fa00000|  0%| F|  |TAMS 0x000000070f800000, 0x000000070f800000| Untracked 
| 100|0x000000070fa00000, 0x000000070fa00000, 0x000000070fc00000|  0%| F|  |TAMS 0x000000070fa00000, 0x000000070fa00000| Untracked 
| 101|0x000000070fc00000, 0x000000070fc00000, 0x000000070fe00000|  0%| F|  |TAMS 0x000000070fc00000, 0x000000070fc00000| Untracked 
| 102|0x000000070fe00000, 0x000000070fe00000, 0x0000000710000000|  0%| F|  |TAMS 0x000000070fe00000, 0x000000070fe00000| Untracked 
| 103|0x0000000710000000, 0x0000000710000000, 0x0000000710200000|  0%| F|  |TAMS 0x0000000710000000, 0x0000000710000000| Untracked 
| 104|0x0000000710200000, 0x0000000710200000, 0x0000000710400000|  0%| F|  |TAMS 0x0000000710200000, 0x0000000710200000| Untracked 
| 105|0x0000000710400000, 0x0000000710400000, 0x0000000710600000|  0%| F|  |TAMS 0x0000000710400000, 0x0000000710400000| Untracked 
| 106|0x0000000710600000, 0x0000000710600000, 0x0000000710800000|  0%| F|  |TAMS 0x0000000710600000, 0x0000000710600000| Untracked 
| 107|0x0000000710800000, 0x0000000710800000, 0x0000000710a00000|  0%| F|  |TAMS 0x0000000710800000, 0x0000000710800000| Untracked 
| 108|0x0000000710a00000, 0x0000000710a00000, 0x0000000710c00000|  0%| F|  |TAMS 0x0000000710a00000, 0x0000000710a00000| Untracked 
| 109|0x0000000710c00000, 0x0000000710c00000, 0x0000000710e00000|  0%| F|  |TAMS 0x0000000710c00000, 0x0000000710c00000| Untracked 
| 110|0x0000000710e00000, 0x0000000710e00000, 0x0000000711000000|  0%| F|  |TAMS 0x0000000710e00000, 0x0000000710e00000| Untracked 
| 111|0x0000000711000000, 0x0000000711000000, 0x0000000711200000|  0%| F|  |TAMS 0x0000000711000000, 0x0000000711000000| Untracked 
| 112|0x0000000711200000, 0x0000000711200000, 0x0000000711400000|  0%| F|  |TAMS 0x0000000711200000, 0x0000000711200000| Untracked 
| 113|0x0000000711400000, 0x0000000711400000, 0x0000000711600000|  0%| F|  |TAMS 0x0000000711400000, 0x0000000711400000| Untracked 
| 114|0x0000000711600000, 0x0000000711600000, 0x0000000711800000|  0%| F|  |TAMS 0x0000000711600000, 0x0000000711600000| Untracked 
| 115|0x0000000711800000, 0x0000000711800000, 0x0000000711a00000|  0%| F|  |TAMS 0x0000000711800000, 0x0000000711800000| Untracked 
| 116|0x0000000711a00000, 0x0000000711a00000, 0x0000000711c00000|  0%| F|  |TAMS 0x0000000711a00000, 0x0000000711a00000| Untracked 
| 117|0x0000000711c00000, 0x0000000711c00000, 0x0000000711e00000|  0%| F|  |TAMS 0x0000000711c00000, 0x0000000711c00000| Untracked 
| 118|0x0000000711e00000, 0x0000000711e00000, 0x0000000712000000|  0%| F|  |TAMS 0x0000000711e00000, 0x0000000711e00000| Untracked 
| 119|0x0000000712000000, 0x0000000712000000, 0x0000000712200000|  0%| F|  |TAMS 0x0000000712000000, 0x0000000712000000| Untracked 
| 120|0x0000000712200000, 0x0000000712200000, 0x0000000712400000|  0%| F|  |TAMS 0x0000000712200000, 0x0000000712200000| Untracked 
| 121|0x0000000712400000, 0x0000000712400000, 0x0000000712600000|  0%| F|  |TAMS 0x0000000712400000, 0x0000000712400000| Untracked 
| 122|0x0000000712600000, 0x0000000712600000, 0x0000000712800000|  0%| F|  |TAMS 0x0000000712600000, 0x0000000712600000| Untracked 
| 123|0x0000000712800000, 0x0000000712800000, 0x0000000712a00000|  0%| F|  |TAMS 0x0000000712800000, 0x0000000712800000| Untracked 
| 124|0x0000000712a00000, 0x0000000712c00000, 0x0000000712c00000|100%| E|  |TAMS 0x0000000712a00000, 0x0000000712a00000| Complete 
| 125|0x0000000712c00000, 0x0000000712e00000, 0x0000000712e00000|100%| E|CS|TAMS 0x0000000712c00000, 0x0000000712c00000| Complete 
| 126|0x0000000712e00000, 0x0000000713000000, 0x0000000713000000|100%| E|CS|TAMS 0x0000000712e00000, 0x0000000712e00000| Complete 

Card table byte_map: [0x0000014e59fa0000,0x0000014e5a790000] _byte_map_base: 0x0000014e56787000

Marking Bits (Prev, Next): (CMBitMap*) 0x0000014e429d84d0, (CMBitMap*) 0x0000014e429d8510
 Prev Bits: [0x0000014e5af80000, 0x0000014e5eeb8000)
 Next Bits: [0x0000014e5eec0000, 0x0000014e62df8000)

Polling page: 0x0000014e408a0000

Metaspace:

Usage:
  Non-class:      5.99 MB used.
      Class:    576.46 KB used.
       Both:      6.55 MB used.

Virtual space:
  Non-class space:       64.00 MB reserved,       6.00 MB (  9%) committed,  1 nodes.
      Class space:        1.00 GB reserved,     640.00 KB ( <1%) committed,  1 nodes.
             Both:        1.06 GB reserved,       6.62 MB ( <1%) committed. 

Chunk freelists:
   Non-Class:  10.01 MB
       Class:  15.25 MB
        Both:  25.25 MB

MaxMetaspaceSize: unlimited
CompressedClassSpaceSize: 1.00 GB
Initial GC threshold: 21.00 MB
Current GC threshold: 21.00 MB
CDS: off
MetaspaceReclaimPolicy: balanced
 - commit_granule_bytes: 65536.
 - commit_granule_words: 8192.
 - virtual_space_node_default_size: 8388608.
 - enlarge_chunks_in_place: 1.
 - new_chunks_are_fully_committed: 0.
 - uncommit_free_chunks: 1.
 - use_allocation_guard: 0.
 - handle_deallocations: 1.


Internal statistics:

num_allocs_failed_limit: 0.
num_arena_births: 12.
num_arena_deaths: 0.
num_vsnodes_births: 2.
num_vsnodes_deaths: 0.
num_space_committed: 106.
num_space_uncommitted: 0.
num_chunks_returned_to_freelist: 0.
num_chunks_taken_from_freelist: 28.
num_chunk_merges: 0.
num_chunk_splits: 11.
num_chunks_enlarged: 5.
num_inconsistent_stats: 0.

CodeHeap 'non-profiled nmethods': size=120000Kb used=105Kb max_used=105Kb free=119894Kb
 bounds [0x0000014e51f50000, 0x0000014e521c0000, 0x0000014e59480000]
CodeHeap 'profiled nmethods': size=120000Kb used=573Kb max_used=573Kb free=119427Kb
 bounds [0x0000014e4a480000, 0x0000014e4a6f0000, 0x0000014e519b0000]
CodeHeap 'non-nmethods': size=5760Kb used=1099Kb max_used=1127Kb free=4660Kb
 bounds [0x0000014e519b0000, 0x0000014e51c20000, 0x0000014e51f50000]
 total_blobs=783 nmethods=410 adapters=286
 compilation: enabled
              stopped_count=0, restarted_count=0
 full_count=0

Compilation events (20 events):
Event: 0.275 Thread 0x0000014e65942270 nmethod 348 0x0000014e4a4fac90 code [0x0000014e4a4fae40, 0x0000014e4a4fb138]
Event: 0.275 Thread 0x0000014e65942270  351       3       java.util.HashMap::get (19 bytes)
Event: 0.275 Thread 0x0000014e65942270 nmethod 351 0x0000014e4a4fb210 code [0x0000014e4a4fb3c0, 0x0000014e4a4fb588]
Event: 0.275 Thread 0x0000014e65942270  349       3       java.util.ImmutableCollections$Set12$1::<init> (32 bytes)
Event: 0.275 Thread 0x0000014e65942270 nmethod 349 0x0000014e4a4fb690 code [0x0000014e4a4fb840, 0x0000014e4a4fba78]
Event: 0.275 Thread 0x0000014e65942270  350       1       jdk.internal.module.ModuleReferenceImpl::moduleResolution (5 bytes)
Event: 0.275 Thread 0x0000014e65942270 nmethod 350 0x0000014e51f64b10 code [0x0000014e51f64ca0, 0x0000014e51f64d78]
Event: 0.276 Thread 0x0000014e65942270  352       3       java.util.HashMap::containsKey (14 bytes)
Event: 0.276 Thread 0x0000014e65942270 nmethod 352 0x0000014e4a4fbb90 code [0x0000014e4a4fbd40, 0x0000014e4a4fbee8]
Event: 0.276 Thread 0x0000014e65942270  353       1       java.lang.module.ModuleDescriptor$Requires::name (5 bytes)
Event: 0.276 Thread 0x0000014e65942270 nmethod 353 0x0000014e51f64e10 code [0x0000014e51f64fa0, 0x0000014e51f65078]
Event: 0.276 Thread 0x0000014e65942270  354       3       java.util.ImmutableCollections$Set12$1::next (95 bytes)
Event: 0.276 Thread 0x0000014e65942270 nmethod 354 0x0000014e4a4fbf90 code [0x0000014e4a4fc140, 0x0000014e4a4fc3e8]
Event: 0.276 Thread 0x0000014e65942270  355       1       java.lang.invoke.MethodTypeForm::basicType (5 bytes)
Event: 0.277 Thread 0x0000014e65942270 nmethod 355 0x0000014e51f65110 code [0x0000014e51f652a0, 0x0000014e51f65378]
Event: 0.277 Thread 0x0000014e65942270  356       1       java.lang.module.ModuleDescriptor::isAutomatic (5 bytes)
Event: 0.277 Thread 0x0000014e65942270 nmethod 356 0x0000014e51f65410 code [0x0000014e51f655a0, 0x0000014e51f65678]
Event: 0.277 Thread 0x0000014e65942270  357       3       java.lang.invoke.MemberName::isConstructor (8 bytes)
Event: 0.277 Thread 0x0000014e65942270 nmethod 357 0x0000014e4a4fc510 code [0x0000014e4a4fc6c0, 0x0000014e4a4fc8f8]
Event: 0.277 Thread 0x0000014e65942270  360       3       java.lang.invoke.MemberName::getMethodOrFieldType (72 bytes)

GC Heap History (0 events):
No events

Dll operation events (5 events):
Event: 0.006 Loaded shared library C:\Program Files\Amazon Corretto\jdk17.0.10_7\bin\java.dll
Event: 0.037 Loaded shared library C:\Program Files\Amazon Corretto\jdk17.0.10_7\bin\jsvml.dll
Event: 0.194 Loaded shared library C:\Program Files\Amazon Corretto\jdk17.0.10_7\bin\net.dll
Event: 0.196 Loaded shared library C:\Program Files\Amazon Corretto\jdk17.0.10_7\bin\nio.dll
Event: 0.207 Loaded shared library C:\Program Files\Amazon Corretto\jdk17.0.10_7\bin\zip.dll

Deoptimization events (4 events):
Event: 0.258 Thread 0x0000014e4296aec0 Uncommon trap: trap_request=0xffffff45 fr.pc=0x0000014e51f60a3c relative=0x00000000000004fc
Event: 0.258 Thread 0x0000014e4296aec0 Uncommon trap: reason=unstable_if action=reinterpret pc=0x0000014e51f60a3c method=java.lang.StringLatin1.replace([BCC)Ljava/lang/String; @ 19 c2
Event: 0.258 Thread 0x0000014e4296aec0 DEOPT PACKING pc=0x0000014e51f60a3c sp=0x00000010a27fe060
Event: 0.258 Thread 0x0000014e4296aec0 DEOPT UNPACKING pc=0x0000014e51a069a3 sp=0x00000010a27fdfe0 mode 2

Classes unloaded (0 events):
No events

Classes redefined (0 events):
No events

Internal exceptions (2 events):
Event: 0.248 Thread 0x0000014e4296aec0 Exception <a 'java/lang/NoSuchMethodError'{0x0000000712d17ea0}: 'void java.lang.invoke.DirectMethodHandle$Holder.invokeSpecial(java.lang.Object, java.lang.Object, java.lang.Object)'> (0x0000000712d17ea0) 
thrown [s\src\hotspot\share\interpreter\linkResolver.cpp, line 759]
Event: 0.277 Thread 0x0000014e4296aec0 Exception <a 'java/lang/NoSuchMethodError'{0x0000000712b2cf80}: 'void java.lang.invoke.DirectMethodHandle$Holder.invokeSpecial(java.lang.Object, java.lang.Object, java.lang.Object, java.lang.Object, java.lang.Object)'> (0x0000000712b2cf80) 
thrown [s\src\hotspot\share\interpreter\linkResolver.cpp, line 759]

VM Operations (2 events):
Event: 0.210 Executing VM operation: HandshakeAllThreads
Event: 0.210 Executing VM operation: HandshakeAllThreads done

Events (20 events):
Event: 0.257 loading class jdk/internal/module/ModuleInfo$CountingDataInput done
Event: 0.258 loading class jdk/internal/module/ModuleInfo$ConstantPool
Event: 0.258 loading class jdk/internal/module/ModuleInfo$ConstantPool done
Event: 0.258 loading class jdk/internal/module/ModuleInfo$ConstantPool$Entry
Event: 0.258 loading class jdk/internal/module/ModuleInfo$ConstantPool$Entry done
Event: 0.258 loading class jdk/internal/module/ModuleInfo$ConstantPool$ValueEntry
Event: 0.258 loading class jdk/internal/module/ModuleInfo$ConstantPool$ValueEntry done
Event: 0.258 loading class jdk/internal/module/ModuleInfo$ConstantPool$IndexEntry
Event: 0.258 loading class jdk/internal/module/ModuleInfo$ConstantPool$IndexEntry done
Event: 0.258 loading class java/util/Collections$UnmodifiableCollection$1
Event: 0.258 loading class java/util/Collections$UnmodifiableCollection$1 done
Event: 0.259 loading class java/util/WeakHashMap$KeyIterator
Event: 0.259 loading class java/util/WeakHashMap$HashIterator
Event: 0.259 loading class java/util/WeakHashMap$HashIterator done
Event: 0.259 loading class java/util/WeakHashMap$KeyIterator done
Event: 0.272 Thread 0x0000014e65bcca50 Thread added: 0x0000014e65bcca50
Event: 0.274 loading class java/util/HashMap$ValueSpliterator
Event: 0.274 loading class java/util/HashMap$ValueSpliterator done
Event: 0.275 loading class java/lang/ModuleLayer
Event: 0.275 loading class java/lang/ModuleLayer done


Dynamic libraries:
0x00007ff726860000 - 0x00007ff72686e000 	C:\Program Files\Amazon Corretto\jdk17.0.10_7\bin\javaw.exe
0x00007ffe9af50000 - 0x00007ffe9b166000 	C:\WINDOWS\SYSTEM32\ntdll.dll
0x00007ffe99dd0000 - 0x00007ffe99e94000 	C:\WINDOWS\System32\KERNEL32.DLL
0x00007ffe98750000 - 0x00007ffe98af6000 	C:\WINDOWS\System32\KERNELBASE.dll
0x00007ffe98450000 - 0x00007ffe98561000 	C:\WINDOWS\System32\ucrtbase.dll
0x00007ffe8df50000 - 0x00007ffe8df6b000 	C:\Program Files\Amazon Corretto\jdk17.0.10_7\bin\VCRUNTIME140.dll
0x00007ffe8a450000 - 0x00007ffe8a467000 	C:\Program Files\Amazon Corretto\jdk17.0.10_7\bin\jli.dll
0x00007ffe990f0000 - 0x00007ffe9929d000 	C:\WINDOWS\System32\USER32.dll
0x00007ffe98280000 - 0x00007ffe982a6000 	C:\WINDOWS\System32\win32u.dll
0x00007ffe8ae40000 - 0x00007ffe8b0d3000 	C:\WINDOWS\WinSxS\amd64_microsoft.windows.common-controls_6595b64144ccf1df_6.0.22621.3139_none_270f19e5738675cb\COMCTL32.dll
0x00007ffe9a180000 - 0x00007ffe9a1a9000 	C:\WINDOWS\System32\GDI32.dll
0x00007ffe9a840000 - 0x00007ffe9a8e7000 	C:\WINDOWS\System32\msvcrt.dll
0x00007ffe98570000 - 0x00007ffe98688000 	C:\WINDOWS\System32\gdi32full.dll
0x00007ffe98b00000 - 0x00007ffe98b9a000 	C:\WINDOWS\System32\msvcp_win.dll
0x00007ffe98c90000 - 0x00007ffe98cc1000 	C:\WINDOWS\System32\IMM32.DLL
0x00007ffe8e260000 - 0x00007ffe8e26c000 	C:\Program Files\Amazon Corretto\jdk17.0.10_7\bin\vcruntime140_1.dll
0x00007ffe7d790000 - 0x00007ffe7d81d000 	C:\Program Files\Amazon Corretto\jdk17.0.10_7\bin\msvcp140.dll
0x00007ffe0cf90000 - 0x00007ffe0dbf2000 	C:\Program Files\Amazon Corretto\jdk17.0.10_7\bin\server\jvm.dll
0x00007ffe99030000 - 0x00007ffe990e2000 	C:\WINDOWS\System32\ADVAPI32.dll
0x00007ffe9a0d0000 - 0x00007ffe9a178000 	C:\WINDOWS\System32\sechost.dll
0x00007ffe98420000 - 0x00007ffe98448000 	C:\WINDOWS\System32\bcrypt.dll
0x00007ffe9adf0000 - 0x00007ffe9af05000 	C:\WINDOWS\System32\RPCRT4.dll
0x00007ffe8cda0000 - 0x00007ffe8cda9000 	C:\WINDOWS\SYSTEM32\WSOCK32.dll
0x00007ffe8d800000 - 0x00007ffe8d834000 	C:\WINDOWS\SYSTEM32\WINMM.dll
0x00007ffe970d0000 - 0x00007ffe9711d000 	C:\WINDOWS\SYSTEM32\POWRPROF.dll
0x00007ffe8cfe0000 - 0x00007ffe8cfea000 	C:\WINDOWS\SYSTEM32\VERSION.dll
0x00007ffe99300000 - 0x00007ffe99371000 	C:\WINDOWS\System32\WS2_32.dll
0x00007ffe970b0000 - 0x00007ffe970c3000 	C:\WINDOWS\SYSTEM32\UMPDC.dll
0x00007ffe97380000 - 0x00007ffe97398000 	C:\WINDOWS\SYSTEM32\kernel.appcore.dll
0x00007ffe8e250000 - 0x00007ffe8e25a000 	C:\Program Files\Amazon Corretto\jdk17.0.10_7\bin\jimage.dll
0x00007ffe925f0000 - 0x00007ffe92823000 	C:\WINDOWS\SYSTEM32\DBGHELP.DLL
0x00007ffe9a490000 - 0x00007ffe9a818000 	C:\WINDOWS\System32\combase.dll
0x00007ffe99490000 - 0x00007ffe99567000 	C:\WINDOWS\System32\OLEAUT32.dll
0x00007ffe8b2e0000 - 0x00007ffe8b312000 	C:\WINDOWS\SYSTEM32\dbgcore.DLL
0x00007ffe98c10000 - 0x00007ffe98c8a000 	C:\WINDOWS\System32\bcryptPrimitives.dll
0x00007ffe8cb10000 - 0x00007ffe8cb35000 	C:\Program Files\Amazon Corretto\jdk17.0.10_7\bin\java.dll
0x00007ffe7d630000 - 0x00007ffe7d707000 	C:\Program Files\Amazon Corretto\jdk17.0.10_7\bin\jsvml.dll
0x00007ffe99570000 - 0x00007ffe99dcd000 	C:\WINDOWS\System32\SHELL32.dll
0x00007ffe961a0000 - 0x00007ffe96a98000 	C:\WINDOWS\SYSTEM32\windows.storage.dll
0x00007ffe96060000 - 0x00007ffe9619e000 	C:\WINDOWS\SYSTEM32\wintypes.dll
0x00007ffe98d60000 - 0x00007ffe98e55000 	C:\WINDOWS\System32\SHCORE.dll
0x00007ffe9a2c0000 - 0x00007ffe9a31e000 	C:\WINDOWS\System32\shlwapi.dll
0x00007ffe981b0000 - 0x00007ffe981d6000 	C:\WINDOWS\SYSTEM32\profapi.dll
0x00007ffe8ca10000 - 0x00007ffe8ca29000 	C:\Program Files\Amazon Corretto\jdk17.0.10_7\bin\net.dll
0x00007ffe8e890000 - 0x00007ffe8e9c7000 	C:\WINDOWS\SYSTEM32\WINHTTP.dll
0x00007ffe97810000 - 0x00007ffe97879000 	C:\WINDOWS\system32\mswsock.dll
0x00007ffe8b370000 - 0x00007ffe8b386000 	C:\Program Files\Amazon Corretto\jdk17.0.10_7\bin\nio.dll
0x00007ffe8ca30000 - 0x00007ffe8ca48000 	C:\Program Files\Amazon Corretto\jdk17.0.10_7\bin\zip.dll

dbghelp: loaded successfully - version: 4.0.5 - missing functions: none
symbol engine: initialized successfully - sym options: 0x614 - pdb path: .;C:\Program Files\Amazon Corretto\jdk17.0.10_7\bin;C:\WINDOWS\SYSTEM32;C:\WINDOWS\WinSxS\amd64_microsoft.windows.common-controls_6595b64144ccf1df_6.0.22621.3139_none_270f19e5738675cb;C:\Program Files\Amazon Corretto\jdk17.0.10_7\bin\server

VM Arguments:
jvm_args: -Dfile.encoding=UTF-8 -Dstdout.encoding=UTF-8 -Dstderr.encoding=UTF-8 --module-path=D:\MJ\AWSDEVELOP\0306\mysql-connector-j-8.3.0.jar;D:\MJ\AWSDEVELOP\0306\sqlite-jdbc-3.45.2.0.jar;D:\MJ\AWSDEVELOP\0306\slf4j-api-2.0.12.jar;D:\MJ\AWSDEVELOP\0306\slf4j-simple-2.0.12.jar;D:\MJ\AWSDEVELOP\0306\mariadb-java-client-3.3.3.jar;D:\MJ\AWSDEVELOP\0306\waffle-jna-3.3.0.jar;D:\MJ\AWSDEVELOP\0306\ojdbc11.jar -XX:+ShowCodeDetailsInExceptionMessages 
java_command: javaEx_i.I11_oracleDB
java_class_path (initial): D:\MJ\AWSDEVELOP\0306\bin
Launcher Type: SUN_STANDARD

[Global flags]
     intx CICompilerCount                          = 4                                         {product} {ergonomic}
     uint ConcGCThreads                            = 2                                         {product} {ergonomic}
     uint G1ConcRefinementThreads                  = 8                                         {product} {ergonomic}
   size_t G1HeapRegionSize                         = 2097152                                   {product} {ergonomic}
    uintx GCDrainStackTargetSize                   = 64                                        {product} {ergonomic}
   size_t InitialHeapSize                          = 266338304                                 {product} {ergonomic}
   size_t MarkStackSize                            = 4194304                                   {product} {ergonomic}
   size_t MaxHeapSize                              = 4242538496                                {product} {ergonomic}
   size_t MaxNewSize                               = 2543845376                                {product} {ergonomic}
   size_t MinHeapDeltaBytes                        = 2097152                                   {product} {ergonomic}
   size_t MinHeapSize                              = 8388608                                   {product} {ergonomic}
    uintx NonNMethodCodeHeapSize                   = 5839372                                {pd product} {ergonomic}
    uintx NonProfiledCodeHeapSize                  = 122909434                              {pd product} {ergonomic}
    uintx ProfiledCodeHeapSize                     = 122909434                              {pd product} {ergonomic}
    uintx ReservedCodeCacheSize                    = 251658240                              {pd product} {ergonomic}
     bool SegmentedCodeCache                       = true                                      {product} {ergonomic}
     bool ShowCodeDetailsInExceptionMessages       = true                                   {manageable} {command line}
   size_t SoftMaxHeapSize                          = 4242538496                             {manageable} {ergonomic}
     bool UseCompressedClassPointers               = true                           {product lp64_product} {ergonomic}
     bool UseCompressedOops                        = true                           {product lp64_product} {ergonomic}
     bool UseG1GC                                  = true                                      {product} {ergonomic}
     bool UseLargePagesIndividualAllocation        = false                                  {pd product} {ergonomic}

Logging:
Log output configuration:
 #0: stdout all=warning uptime,level,tags
 #1: stderr all=off uptime,level,tags

Environment Variables:
JAVA_HOME=C:\Program Files\Amazon Corretto\jdk17.0.10_7
PATH=C:/tools/eclipse//plugins/org.eclipse.justj.openjdk.hotspot.jre.full.win32.x86_64_17.0.9.v20231028-0858/jre/bin/server;C:/tools/eclipse//plugins/org.eclipse.justj.openjdk.hotspot.jre.full.win32.x86_64_17.0.9.v20231028-0858/jre/bin;C:\Program Files\Amazon Corretto\jdk17.0.10_7\bin;C:\Windows\system32;C:\Windows;C:\Windows\System32\Wbem;C:\Windows\System32\WindowsPowerShell\v1.0\;C:\Windows\System32\OpenSSH\;C:\Program Files (x86)\NVIDIA Corporation\PhysX\Common;C:\Program Files\dotnet\;C:\Program Files\Amazon Corretto\jdk17.0.10_7\bin;C:\Program Files (x86)\Windows Live\Shared;C:\WINDOWS\system32;C:\WINDOWS;C:\WINDOWS\System32\Wbem;C:\WINDOWS\System32\WindowsPowerShell\v1.0\;C:\WINDOWS\System32\OpenSSH\;C:\Program Files\Amazon Corretto\jdk17.0.10_7\bin;C:\Program Files\Docker\Docker\resources\bin;C:\tools\Git\cmd;C:\Program Files\nodejs\;C:\Program Files\MySQL\MySQL Shell 8.0\bin\;C:\Users\Rencal\AppData\Local\Microsoft\WindowsApps;C:\Program Files\Bandizip\;C:\Users\Rencal\AppData\Local\Microsoft\WindowsApps;C:\Users\Rencal\AppData\Roaming\npm;C:\Users\Rencal\AppData\Local\GitHubDesktop\bin;C:\tools\eclipse;
USERNAME=Rencal
OS=Windows_NT
PROCESSOR_IDENTIFIER=Intel64 Family 6 Model 142 Stepping 12, GenuineIntel
TMP=C:\Users\Rencal\AppData\Local\Temp
TEMP=C:\Users\Rencal\AppData\Local\Temp



Periodic native trim disabled


---------------  S Y S T E M  ---------------

OS:
 Windows 11 , 64 bit Build 22621 (10.0.22621.3350)
OS uptime: 8 days 22:42 hours
Hyper-V role detected

CPU: total 8 (initial active 8) (4 cores per cpu, 2 threads per core) family 6 model 142 stepping 12 microcode 0xde, cx8, cmov, fxsr, ht, mmx, 3dnowpref, sse, sse2, sse3, ssse3, sse4.1, sse4.2, popcnt, lzcnt, tsc, tscinvbit, avx, avx2, aes, erms, clmul, bmi1, bmi2, adx, fma, vzeroupper, clflush, clflushopt, hv
Processor Information for all 8 processors :
  Max Mhz: 2112, Current Mhz: 1609, Mhz Limit: 1605

Memory: 4k page, system-wide physical 16182M (3016M free)
TotalPageFile size 24374M (AvailPageFile size 3M)
current process WorkingSet (physical memory assigned to process): 41M, peak: 41M
current process commit charge ("private bytes"): 341M, peak: 341M

vm_info: OpenJDK 64-Bit Server VM (17.0.10+7-LTS) for windows-amd64 JRE (17.0.10+7-LTS), built on Jan 10 2024 22:11:07 by "Administrator" with MS VC++ 16.10 / 16.11 (VS2019)

END.
